This file contains any messages produced by compilers while
running configure, to aid debugging if configure makes a mistake.

It was created by configure, which was
generated by GNU Autoconf 2.59.  Invocation command line was

  $ ./configure 

## --------- ##
## Platform. ##
## --------- ##

hostname = lonlxadm3
uname -m = i686
uname -r = 2.4.9-e.3enterprise
uname -s = Linux
uname -v = #1 SMP Fri May 3 16:35:33 EDT 2002

/usr/bin/uname -p = unknown
/bin/uname -X     = unknown

/bin/arch              = i686
/usr/bin/arch -k       = unknown
/usr/convex/getsysinfo = unknown
hostinfo               = unknown
/bin/machine           = unknown
/usr/bin/oslevel       = unknown
/bin/universe          = unknown

PATH: /home/aspiers/local/sbin
PATH: /home/aspiers/local/bin
PATH: /home/aspiers/bin
PATH: /home/aspiers/bin/backgrounds
PATH: /home/aspiers/bin/palm
PATH: /home/aspiers/bin/shortcuts
PATH: /home/lonlxadm/bin
PATH: /home/lonlxadm/bin/host-checks
PATH: /home/lonlxadm/bin/host-checks/not-autorun
PATH: /opt/perl-5.6.1/bin
PATH: /home/aspiers/local/linux/bin
PATH: /usr/kerberos/bin
PATH: /home/aspiers/local/linux-gnu/bin
PATH: /usr/local/bin
PATH: /usr/X11R6/bin
PATH: /usr/bin
PATH: /bin
PATH: /usr/local/sbin
PATH: /usr/sbin
PATH: /sbin


## ----------- ##
## Core tests. ##
## ----------- ##

configure:1233: checking whether make sets $(MAKE)
configure:1253: result: yes
configure:1300: checking for a BSD-compatible install
configure:1355: result: /usr/bin/install -c
configure:1368: checking for makeinfo
configure:1384: found /usr/bin/makeinfo
configure:1395: result: makeinfo
configure:1404: checking for texi2dvi
configure:1420: found /usr/bin/texi2dvi
configure:1431: result: texi2dvi
configure:1440: checking for ptex
configure:1467: result: false
configure:1476: checking for jbibtex
configure:1503: result: false
configure:1514: checking for egrep
configure:1530: found /bin/egrep
configure:1540: result: egrep
configure:1740: checking for emacs
configure:1758: found /home/aspiers/local/linux/bin/emacs
configure:1770: result: /home/aspiers/local/linux/bin/emacs
configure:1790: checking what a flavor does /home/aspiers/local/linux/bin/emacs have
/home/aspiers/local/linux/bin/emacs -q -no-site-file -batch -eval '(let ((x (cond ((featurep (quote xemacs)) "XEmacs")          ((and (boundp (quote emacs-major-version))                (>= emacs-major-version 21))           (format "Emacs %d" emacs-major-version))          ((boundp (quote MULE)) "MULE")          (t "Emacs")))) (write-region (if (stringp x) (princ x) (prin1-to-string x)) nil "./conftest-20829" nil 5))'
Emacs 21=> Emacs 21
configure:1833: result: Emacs 21
configure:1842: checking prefix for /home/aspiers/local/linux/bin/emacs
/home/aspiers/local/linux/bin/emacs -q -no-site-file -batch -eval '(let ((x (expand-file-name ".." invocation-directory))) (write-region (if (stringp x) (princ x) (prin1-to-string x)) nil "./conftest-20829" nil 5))'
/home/aspiers/local/linux=> /home/aspiers/local/linux
configure:1871: result: /home/aspiers/local/linux
configure:1880: checking where lisp files should go
configure:1902: result: $(prefix)/share/emacs/site-lisp/w3m/
configure:2044: checking where icon files should go
/home/aspiers/local/linux/bin/emacs -q -no-site-file -batch -eval '(let ((x (let ((prefix "/home/aspiers/local/linux")	      (default (expand-file-name "images/w3m" data-directory)))	  (if (and prefix		   (progn		     (setq prefix (file-name-as-directory prefix))		     (eq 0 (string-match (regexp-quote prefix) default))))	      (replace-match "$(prefix)/" nil nil default)	    default)))) (write-region (if (stringp x) (princ x) (prin1-to-string x)) nil "./conftest-20829" nil 5))'
$(prefix)/share/emacs/21.2/etc/images/w3m=> $(prefix)/share/emacs/21.2/etc/images/w3m
configure:2088: result: $(prefix)/share/emacs/21.2/etc/images/w3m
configure:2134: checking for regexp-opt
configure:2138: result: /home/aspiers/local/linux/share/emacs/21.2/lisp/emacs-lisp/regexp-opt.elc
configure:2297: creating ./config.status

## ---------------------- ##
## Running config.status. ##
## ---------------------- ##

This file was extended by config.status, which was
generated by GNU Autoconf 2.59.  Invocation command line was

  CONFIG_FILES    = 
  CONFIG_HEADERS  = 
  CONFIG_LINKS    = 
  CONFIG_COMMANDS = 
  $ ./config.status 

on lonlxadm3

config.status:645: creating Makefile
config.status:645: creating doc/Makefile

## ---------------- ##
## Cache variables. ##
## ---------------- ##

EMACS_cv_SYS_flavor=$'Emacs 21'
EMACS_cv_SYS_icondir=$'$(prefix)/share/emacs/21.2/etc/images/w3m'
EMACS_cv_SYS_prefix=/home/aspiers/local/linux
ac_cv_env_build_alias_set=
ac_cv_env_build_alias_value=
ac_cv_env_host_alias_set=
ac_cv_env_host_alias_value=
ac_cv_env_target_alias_set=
ac_cv_env_target_alias_value=
ac_cv_path_EMACS=/home/aspiers/local/linux/bin/emacs
ac_cv_path_install=$'/usr/bin/install -c'
ac_cv_prog_EGREP=egrep
ac_cv_prog_JBIBTEX=false
ac_cv_prog_MAKEINFO=makeinfo
ac_cv_prog_PTEX=false
ac_cv_prog_TEXI2DVI=texi2dvi
ac_cv_prog_make_make_set=yes

## ----------------- ##
## Output variables. ##
## ----------------- ##

ADDITIONAL_LOAD_PATH='NONE'
DEFS='-DPACKAGE_NAME=\"\" -DPACKAGE_TARNAME=\"\" -DPACKAGE_VERSION=\"\" -DPACKAGE_STRING=\"\" -DPACKAGE_BUGREPORT=\"\" '
ECHO_C=''
ECHO_N='-n'
ECHO_T=''
EGREP='egrep'
EMACS='/home/aspiers/local/linux/bin/emacs'
ICONDIR='$(prefix)/share/emacs/21.2/etc/images/w3m'
INSTALL_DATA='${INSTALL} -m 644'
INSTALL_PROGRAM='${INSTALL}'
INSTALL_SCRIPT='${INSTALL}'
JBIBTEX='false'
LIBOBJS=''
LIBS=''
LTLIBOBJS=''
MAKEINFO='makeinfo'
PACKAGEDIR='NONE'
PACKAGE_BUGREPORT=''
PACKAGE_NAME=''
PACKAGE_STRING=''
PACKAGE_TARNAME=''
PACKAGE_VERSION=''
PATH_SEPARATOR=':'
PTEX='false'
SET_MAKE=''
SHELL='/bin/sh'
TEXI2DVI='texi2dvi'
VANILLA_FLAG='-q -no-site-file'
bindir='${exec_prefix}/bin'
build_alias=''
datadir='${prefix}/share'
exec_prefix='${prefix}'
host_alias=''
includedir='${prefix}/include'
infodir='${prefix}/info'
libdir='${exec_prefix}/lib'
libexecdir='${exec_prefix}/libexec'
lispdir='$(prefix)/share/emacs/site-lisp/w3m'
localstatedir='${prefix}/var'
mandir='${prefix}/man'
oldincludedir='/usr/include'
prefix='/home/aspiers/local/linux'
program_transform_name='s,x,x,'
sbindir='${exec_prefix}/sbin'
sharedstatedir='${prefix}/com'
sysconfdir='${prefix}/etc'
target_alias=''

## ----------- ##
## confdefs.h. ##
## ----------- ##

#define PACKAGE_BUGREPORT ""
#define PACKAGE_NAME ""
#define PACKAGE_STRING ""
#define PACKAGE_TARNAME ""
#define PACKAGE_VERSION ""

configure: exit 0
